build/app/intermediates/manifest_merge_blame_file/release/manifest-merger-blame-release-report.txt
1<?xml version="1.0" encoding="utf-8"?>
2<manifest xmlns:android="http://schemas.android.com/apk/res/android"
3    package="com.example.gestacao"
4    android:versionCode="1"
5    android:versionName="1.0.0" >
6
7    <uses-sdk
8        android:minSdkVersion="21"
8-->src\main\AndroidManifest.xml
9        android:targetSdkVersion="34" />
9-->src\main\AndroidManifest.xml
10
11    <uses-permission android:name="android.permission.INTERNET" />
11-->src\main\AndroidManifest.xml:25:5-66
11-->src\main\AndroidManifest.xml:25:22-64
12    <uses-permission
12-->src\main\AndroidManifest.xml:26:5-107
13        android:name="android.permission.WRITE_EXTERNAL_STORAGE"
13-->src\main\AndroidManifest.xml:26:22-78
14        android:maxSdkVersion="28" />
14-->src\main\AndroidManifest.xml:26:79-105
15    <uses-permission android:name="android.permission.READ_EXTERNAL_STORAGE" />
15-->src\main\AndroidManifest.xml:27:5-79
15-->src\main\AndroidManifest.xml:27:22-77
16    <uses-permission android:name="android.permission.MANAGE_EXTERNAL_STORAGE" />
16-->src\main\AndroidManifest.xml:28:5-81
16-->src\main\AndroidManifest.xml:28:22-79
17    <uses-permission android:name="android.permission.POST_NOTIFICATIONS" />
17-->src\main\AndroidManifest.xml:29:5-76
17-->src\main\AndroidManifest.xml:29:22-74
18    <uses-permission android:name="android.permission.VIBRATE" />
18-->[:flutter_local_notifications] AndroidManifest.xml:9:5-66
18-->[:flutter_local_notifications] AndroidManifest.xml:9:22-63
19
20    <application
20-->src\main\AndroidManifest.xml:4:5-23:19
21        android:appComponentFactory="androidx.core.app.CoreComponentFactory"
21-->[androidx.core:core:1.6.0] AndroidManifest.xml:24:18-86
22        android:icon="@mipmap/ic_launcher"
22-->src\main\AndroidManifest.xml:6:9-43
23        android:label="gestacao" >
23-->src\main\AndroidManifest.xml:5:9-33
24        <activity
24-->src\main\AndroidManifest.xml:7:9-22:20
25            android:name="com.example.gestacao.MainActivity"
25-->src\main\AndroidManifest.xml:8:13-41
26            android:configChanges="orientation|screenSize|smallestScreenSize|keyboard|keyboardHidden|navigation"
26-->src\main\AndroidManifest.xml:12:13-113
27            android:exported="true"
27-->src\main\AndroidManifest.xml:9:13-36
28            android:hardwareAccelerated="true"
28-->src\main\AndroidManifest.xml:13:13-47
29            android:launchMode="singleTop"
29-->src\main\AndroidManifest.xml:10:13-43
30            android:theme="@style/LaunchTheme"
30-->src\main\AndroidManifest.xml:11:13-47
31            android:windowSoftInputMode="adjustResize" >
31-->src\main\AndroidManifest.xml:14:13-55
32            <meta-data
32-->src\main\AndroidManifest.xml:15:13-17:37
33                android:name="flutterEmbedding"
33-->src\main\AndroidManifest.xml:16:17-48
34                android:value="2" />
34-->src\main\AndroidManifest.xml:17:17-34
35
36            <intent-filter>
36-->src\main\AndroidManifest.xml:18:13-21:29
37                <action android:name="android.intent.action.MAIN" />
37-->src\main\AndroidManifest.xml:19:17-69
37-->src\main\AndroidManifest.xml:19:25-66
38
39                <category android:name="android.intent.category.LAUNCHER" />
39-->src\main\AndroidManifest.xml:20:17-77
39-->src\main\AndroidManifest.xml:20:27-74
40            </intent-filter>
41        </activity>
42
43        <uses-library
43-->[androidx.window:window:1.0.0-beta04] AndroidManifest.xml:25:9-27:40
44            android:name="androidx.window.extensions"
44-->[androidx.window:window:1.0.0-beta04] AndroidManifest.xml:26:13-54
45            android:required="false" />
45-->[androidx.window:window:1.0.0-beta04] AndroidManifest.xml:27:13-37
46        <uses-library
46-->[androidx.window:window:1.0.0-beta04] AndroidManifest.xml:28:9-30:40
47            android:name="androidx.window.sidecar"
47-->[androidx.window:window:1.0.0-beta04] AndroidManifest.xml:29:13-51
48            android:required="false" />
48-->[androidx.window:window:1.0.0-beta04] AndroidManifest.xml:30:13-37
49    </application>
50
51</manifest>